<?xml version="1.0" encoding="UTF-8"?>
<!-- Generated by org.testng.reporters.JUnitReportReporter -->
<testsuite hostname="DESKTOP-KN5O168" failures="0" tests="1" name="org.testing.testscripts.TC7" time="69.176" errors="0" timestamp="2024-09-07T21:34:52 IST" skipped="0">
  <testcase classname="org.testing.testscripts.TC7" name="testcase7" time="69.176"/>
</testsuite> <!-- org.testing.testscripts.TC7 -->
