<?xml version="1.0" encoding="UTF-8"?>
<!-- Generated by org.testng.reporters.JUnitReportReporter -->
<testsuite hostname="DESKTOP-KN5O168" failures="0" tests="1" name="org.testing.testscripts.TC3" time="66.344" errors="0" timestamp="2024-09-14T18:31:15 IST" skipped="0">
  <testcase classname="org.testing.testscripts.TC3" name="testcase3" time="66.344"/>
</testsuite> <!-- org.testing.testscripts.TC3 -->
