<?xml version="1.0" encoding="UTF-8"?>
<!-- Generated by org.testng.reporters.JUnitReportReporter -->
<testsuite hostname="DESKTOP-KN5O168" failures="0" tests="2" name="org.testing.testcripts.TC1" time="1.260" errors="0" timestamp="2024-08-04T16:11:11 IST" skipped="0">
  <testcase classname="org.testing.testcripts.TC1" name="clickTrending" time="0.984"/>
  <testcase classname="org.testing.testcripts.TC1" name="Newsbutton" time="0.276"/>
</testsuite> <!-- org.testing.testcripts.TC1 -->
