<?xml version="1.0" encoding="UTF-8"?>
<!-- Generated by org.testng.reporters.JUnitReportReporter -->
<testsuite hostname="DESKTOP-KN5O168" failures="0" tests="2" name="org.testing.utilities.ExcelHandling" time="0.435" errors="0" timestamp="2024-09-02T00:36:46 IST" skipped="0">
  <testcase classname="org.testing.utilities.ExcelHandling" name="testReadParticularCell" time="0.274"/>
  <testcase classname="org.testing.utilities.ExcelHandling" name="testgetSheetRange" time="0.161"/>
</testsuite> <!-- org.testing.utilities.ExcelHandling -->
