<?xml version="1.0" encoding="UTF-8"?>
<!-- Generated by org.testng.reporters.JUnitReportReporter -->
<testsuite hostname="DESKTOP-KN5O168" failures="0" tests="1" name="org.testing.testcripts.TC2" time="0.079" errors="0" timestamp="2024-08-04T16:14:28 IST" skipped="0">
  <testcase classname="org.testing.testcripts.TC2" name="SignInclick" time="0.079"/>
</testsuite> <!-- org.testing.testcripts.TC2 -->
